# JRE version: OpenJDK Runtime Environment (11.0.4+11) (build 11.0.4+11-LTS)
# Java VM: OpenJDK 64-Bit Server VM (11.0.4+11-LTS, mixed mode, tiered, compressed oops, g1 gc, windows-amd64)
Heap:
 garbage-first heap   total 262144K, used 197788K [0x00000000e0000000, 0x0000000100000000)
  region size 1024K, 84 young (86016K), 12 survivors (12288K)
 Metaspace       used 86601K, capacity 88883K, committed 89344K, reserved 333824K
  class space    used 10351K, capacity 11169K, committed 11264K, reserved 253952K
GC Heap History (10 events):
Event: 4198.822 GC heap before
{Heap before GC invocations=37 (full 0):
 garbage-first heap   total 262144K, used 104203K [0x00000000e0000000, 0x0000000100000000)
  region size 1024K, 12 young (12288K), 2 survivors (2048K)
 Metaspace       used 83571K, capacity 85789K, committed 86784K, reserved 329728K
  class space    used 10021K, capacity 10732K, committed 11008K, reserved 253952K
}
Event: 4198.831 GC heap after
{Heap after GC invocations=38 (full 0):
 garbage-first heap   total 262144K, used 83622K [0x00000000e0000000, 0x0000000100000000)
  region size 1024K, 1 young (1024K), 1 survivors (1024K)
 Metaspace       used 83571K, capacity 85789K, committed 86784K, reserved 329728K
  class space    used 10021K, capacity 10732K, committed 11008K, reserved 253952K
}
Event: 4201.596 GC heap before
{Heap before GC invocations=38 (full 0):
 garbage-first heap   total 262144K, used 199334K [0x00000000e0000000, 0x0000000100000000)
  region size 1024K, 114 young (116736K), 1 survivors (1024K)
 Metaspace       used 86255K, capacity 88549K, committed 89088K, reserved 331776K
  class space    used 10322K, capacity 11128K, committed 11264K, reserved 253952K
}
Event: 4201.657 GC heap after
{Heap after GC invocations=39 (full 0):
 garbage-first heap   total 262144K, used 108687K [0x00000000e0000000, 0x0000000100000000)
  region size 1024K, 15 young (15360K), 15 survivors (15360K)
 Metaspace       used 86255K, capacity 88549K, committed 89088K, reserved 331776K
  class space    used 10322K, capacity 11128K, committed 11264K, reserved 253952K
}
Event: 4202.312 GC heap before
{Heap before GC invocations=39 (full 0):
 garbage-first heap   total 262144K, used 198799K [0x00000000e0000000, 0x0000000100000000)
  region size 1024K, 104 young (106496K), 15 survivors (15360K)
 Metaspace       used 86269K, capacity 88550K, committed 89088K, reserved 331776K
  class space    used 10322K, capacity 11128K, committed 11264K, reserved 253952K
}
Event: 4202.350 GC heap after
{Heap after GC invocations=40 (full 0):
 garbage-first heap   total 262144K, used 113872K [0x00000000e0000000, 0x0000000100000000)
  region size 1024K, 6 young (6144K), 6 survivors (6144K)
 Metaspace       used 86269K, capacity 88550K, committed 89088K, reserved 331776K
  class space    used 10322K, capacity 11128K, committed 11264K, reserved 253952K
}
Event: 4202.914 GC heap before
{Heap before GC invocations=40 (full 0):
 garbage-first heap   total 262144K, used 203984K [0x00000000e0000000, 0x0000000100000000)
  region size 1024K, 94 young (96256K), 6 survivors (6144K)
 Metaspace       used 86287K, capacity 88552K, committed 89088K, reserved 331776K
  class space    used 10322K, capacity 11128K, committed 11264K, reserved 253952K
}
Event: 4202.925 GC heap after
{Heap after GC invocations=41 (full 0):
 garbage-first heap   total 262144K, used 118391K [0x00000000e0000000, 0x0000000100000000)
  region size 1024K, 10 young (10240K), 10 survivors (10240K)
 Metaspace       used 86287K, capacity 88552K, committed 89088K, reserved 331776K
  class space    used 10322K, capacity 11128K, committed 11264K, reserved 253952K
}
Event: 4204.239 GC heap before
{Heap before GC invocations=41 (full 0):
 garbage-first heap   total 262144K, used 209527K [0x00000000e0000000, 0x0000000100000000)
  region size 1024K, 98 young (100352K), 10 survivors (10240K)
 Metaspace       used 86567K, capacity 88850K, committed 89344K, reserved 333824K
  class space    used 10346K, capacity 11162K, committed 11264K, reserved 253952K
}
Event: 4204.256 GC heap after
{Heap after GC invocations=42 (full 0):
 garbage-first heap   total 262144K, used 125084K [0x00000000e0000000, 0x0000000100000000)
  region size 1024K, 12 young (12288K), 12 survivors (12288K)
 Metaspace       used 86567K, capacity 88850K, committed 89344K, reserved 333824K
  class space    used 10346K, capacity 11162K, committed 11264K, reserved 253952K
}

